Reusing configuration cache.
> Task :composeApp:preBuild UP-TO-DATE
> Task :composeApp:convertXmlValueResourcesForCommonMain NO-SOURCE
> Task :composeApp:debugAssetsCopyForAGP NO-SOURCE
> Task :composeApp:generateComposeResClass UP-TO-DATE
> Task :composeApp:generateExpectResourceCollectorsForCommonMain UP-TO-DATE
> Task :composeApp:preDebugBuild UP-TO-DATE
> Task :composeApp:kmpPartiallyResolvedDependenciesChecker
> Task :composeApp:convertXmlValueResourcesForAndroidMain NO-SOURCE
> Task :composeApp:checkKotlinGradlePluginConfigurationErrors SKIPPED
> Task :composeApp:convertXmlValueResourcesForAndroidDebug NO-SOURCE
> Task :composeApp:copyNonXmlValueResourcesForCommonMain NO-SOURCE
> Task :composeApp:mergeDebugNativeDebugMetadata NO-SOURCE
> Task :composeApp:copyNonXmlValueResourcesForAndroidDebug NO-SOURCE
> Task :composeApp:javaPreCompileDebug UP-TO-DATE
> Task :composeApp:mergeDebugShaders UP-TO-DATE
> Task :composeApp:writeDebugSigningConfigVersions UP-TO-DATE
> Task :composeApp:generateDebugResValues UP-TO-DATE
> Task :composeApp:desugarDebugFileDependencies UP-TO-DATE
> Task :composeApp:createDebugCompatibleScreenManifests UP-TO-DATE
> Task :composeApp:mergeDebugJniLibFolders UP-TO-DATE
> Task :composeApp:writeDebugAppMetadata UP-TO-DATE
> Task :composeApp:validateSigningDebug UP-TO-DATE
> Task :composeApp:copyNonXmlValueResourcesForAndroidMain UP-TO-DATE
> Task :composeApp:compileDebugShaders NO-SOURCE
> Task :composeApp:generateDebugAssets UP-TO-DATE
> Task :composeApp:extractDeepLinksDebug UP-TO-DATE
> Task :composeApp:generateDebugResources UP-TO-DATE
> Task :composeApp:prepareComposeResourcesTaskForCommonMain NO-SOURCE
> Task :composeApp:prepareComposeResourcesTaskForAndroidDebug NO-SOURCE
> Task :composeApp:generateResourceAccessorsForCommonMain NO-SOURCE
> Task :composeApp:generateResourceAccessorsForAndroidDebug NO-SOURCE
> Task :composeApp:mapDebugSourceSetPaths UP-TO-DATE
> Task :composeApp:mergeDebugResources UP-TO-DATE
> Task :composeApp:checkDebugAarMetadata UP-TO-DATE
> Task :composeApp:prepareComposeResourcesTaskForAndroidMain UP-TO-DATE
> Task :composeApp:mergeDebugNativeLibs UP-TO-DATE
> Task :composeApp:generateResourceAccessorsForAndroidMain UP-TO-DATE
> Task :composeApp:checkDebugDuplicateClasses UP-TO-DATE
> Task :composeApp:stripDebugDebugSymbols UP-TO-DATE
> Task :composeApp:generateActualResourceCollectorsForAndroidMain UP-TO-DATE
> Task :composeApp:copyDebugComposeResourcesToAndroidAssets UP-TO-DATE
> Task :composeApp:mergeLibDexDebug UP-TO-DATE
> Task :composeApp:packageDebugResources UP-TO-DATE
> Task :composeApp:processDebugMainManifest UP-TO-DATE
> Task :composeApp:parseDebugLocalResources UP-TO-DATE
> Task :composeApp:processDebugManifest UP-TO-DATE
> Task :composeApp:mergeDebugAssets UP-TO-DATE
> Task :composeApp:processDebugManifestForPackage UP-TO-DATE
> Task :composeApp:mergeExtDexDebug UP-TO-DATE
> Task :composeApp:compressDebugAssets UP-TO-DATE
> Task :composeApp:processDebugResources UP-TO-DATE
> Task :composeApp:kspDebugKotlinAndroid UP-TO-DATE

> Task :composeApp:compileDebugKotlinAndroid FAILED
./gradlew : e: file:///C:/
Users/cizer/Documents/Loca
lFiles/Islington/Year3/Flu
tterClass/NotesApp/compose
App/src/androidMain/kotlin
/com/example/notesapp/Main
Activity.kt:31:8 No value 
passed for parameter 
'noteDao'.
At line:1 char:1
+ ./gradlew assembleDebug 
--stacktrace > 
build_error_6.txt 2>&1
+ ~~~~~~~~~~~~~~~~~~~~~~~~
~~~~~~~~~~~~~~~~~~~~~~~~~~
~~~~~~~~~~~
    + CategoryInfo        
      : NotSpecified: (e  
  : file:///C:/U...eter   
  'noteDao'.:String) [    
], RemoteException
    + FullyQualifiedError 
   Id : NativeCommandErr  
  or
 
e: file:///C:/Users/cizer/
Documents/LocalFiles/Islin
gton/Year3/FlutterClass/No
tesApp/composeApp/src/comm
onMain/kotlin/com/example/
notesapp/App.kt:9:30 
Unresolved reference 'ui'.
e: file:///C:/Users/cizer/
Documents/LocalFiles/Islin
gton/Year3/FlutterClass/No
tesApp/composeApp/src/comm
onMain/kotlin/com/example/
notesapp/ui/NotesScreen.kt
:14:30 Unresolved 
reference 'ui'.
e: file:///C:/Users/cizer/
Documents/LocalFiles/Islin
gton/Year3/FlutterClass/No
tesApp/composeApp/src/comm
onMain/kotlin/com/example/
notesapp/ui/NotesScreen.kt
:21:9 Unresolved 
reference 
'floatingActionButton'.
e: file:///C:/Users/cizer/
Documents/LocalFiles/Islin
gton/Year3/FlutterClass/No
tesApp/composeApp/src/comm
onMain/kotlin/com/example/
notesapp/ui/NotesScreen.kt
:22:13 @Composable 
invocations can only 
happen from the context 
of a @Composable function
e: file:///C:/Users/cizer/
Documents/LocalFiles/Islin
gton/Year3/FlutterClass/No
tesApp/composeApp/src/comm
onMain/kotlin/com/example/
notesapp/ui/NotesScreen.kt
:26:5 Syntax error: 
Expecting an element.
e: file:///C:/Users/cizer/
Documents/LocalFiles/Islin
gton/Year3/FlutterClass/No
tesApp/composeApp/src/comm
onMain/kotlin/com/example/
notesapp/ui/NotesScreen.kt
:26:9 An explicit type is 
required on a value 
parameter.
e: file:///C:/Users/cizer/
Documents/LocalFiles/Islin
gton/Year3/FlutterClass/No
tesApp/composeApp/src/comm
onMain/kotlin/com/example/
notesapp/ui/NotesScreen.kt
:27:9 @Composable 
invocations can only 
happen from the context 
of a @Composable function
e: file:///C:/Users/cizer/
Documents/LocalFiles/Islin
gton/Year3/FlutterClass/No
tesApp/composeApp/src/comm
onMain/kotlin/com/example/
notesapp/ui/NotesScreen.kt
:38:13 @Composable 
invocations can only 
happen from the context 
of a @Composable function

> Task :composeApp:copyRoomSchemas NO-SOURCE

FAILURE: Build failed 
with an exception.

* What went wrong:
Execution failed for task 
':composeApp:compileDebugK
otlinAndroid'.
> A failure occurred 
while executing org.jetbra
ins.kotlin.compilerRunner.
GradleCompilerRunnerWithWo
rkers$GradleKotlinCompiler
WorkAction
   > Compilation error. 
See log for more details

* Try:
> Run with --info or 
--debug option to get 
more log output.
> Run with --scan to get 
full insights.
> Get more help at 
https://help.gradle.org.

* Exception is:
org.gradle.api.tasks.TaskE
xecutionException: 
Execution failed for task 
':composeApp:compileDebugK
otlinAndroid'.
	at org.gradle.api.interna
l.tasks.execution.ExecuteA
ctionsTaskExecuter.lambda$
executeIfValid$1(ExecuteAc
tionsTaskExecuter.java:130
)
	at org.gradle.internal.Tr
y$Failure.ifSuccessfulOrEl
se(Try.java:293)
	at org.gradle.api.interna
l.tasks.execution.ExecuteA
ctionsTaskExecuter.execute
IfValid(ExecuteActionsTask
Executer.java:128)
	at org.gradle.api.interna
l.tasks.execution.ExecuteA
ctionsTaskExecuter.execute
(ExecuteActionsTaskExecute
r.java:116)
	at org.gradle.api.interna
l.tasks.execution.Problems
TaskPathTrackingTaskExecut
er.execute(ProblemsTaskPat
hTrackingTaskExecuter.java
:41)
	at org.gradle.api.interna
l.tasks.execution.Finalize
PropertiesTaskExecuter.exe
cute(FinalizePropertiesTas
kExecuter.java:46)
	at org.gradle.api.interna
l.tasks.execution.ResolveT
askExecutionModeExecuter.e
xecute(ResolveTaskExecutio
nModeExecuter.java:51)
	at org.gradle.api.interna
l.tasks.execution.SkipTask
WithNoActionsExecuter.exec
ute(SkipTaskWithNoActionsE
xecuter.java:57)
	at org.gradle.api.interna
l.tasks.execution.SkipOnly
IfTaskExecuter.execute(Ski
pOnlyIfTaskExecuter.java:7
4)
	at org.gradle.api.interna
l.tasks.execution.CatchExc
eptionTaskExecuter.execute
(CatchExceptionTaskExecute
r.java:36)
	at org.gradle.api.interna
l.tasks.execution.EventFir
ingTaskExecuter$1.executeT
ask(EventFiringTaskExecute
r.java:77)
	at org.gradle.api.interna
l.tasks.execution.EventFir
ingTaskExecuter$1.call(Eve
ntFiringTaskExecuter.java:
55)
	at org.gradle.api.interna
l.tasks.execution.EventFir
ingTaskExecuter$1.call(Eve
ntFiringTaskExecuter.java:
52)
	at org.gradle.internal.op
erations.DefaultBuildOpera
tionRunner$CallableBuildOp
erationWorker.execute(Defa
ultBuildOperationRunner.ja
va:210)
	at org.gradle.internal.op
erations.DefaultBuildOpera
tionRunner$CallableBuildOp
erationWorker.execute(Defa
ultBuildOperationRunner.ja
va:205)
	at org.gradle.internal.op
erations.DefaultBuildOpera
tionRunner$2.execute(Defau
ltBuildOperationRunner.jav
a:67)
	at org.gradle.internal.op
erations.DefaultBuildOpera
tionRunner$2.execute(Defau
ltBuildOperationRunner.jav
a:60)
	at org.gradle.internal.op
erations.DefaultBuildOpera
tionRunner.execute(Default
BuildOperationRunner.java:
167)
	at org.gradle.internal.op
erations.DefaultBuildOpera
tionRunner.execute(Default
BuildOperationRunner.java:
60)
	at org.gradle.internal.op
erations.DefaultBuildOpera
tionRunner.call(DefaultBui
ldOperationRunner.java:54)
	at org.gradle.api.interna
l.tasks.execution.EventFir
ingTaskExecuter.execute(Ev
entFiringTaskExecuter.java
:52)
	at org.gradle.execution.p
lan.LocalTaskNodeExecutor.
execute(LocalTaskNodeExecu
tor.java:42)
	at org.gradle.execution.t
askgraph.DefaultTaskExecut
ionGraph$InvokeNodeExecuto
rsAction.execute(DefaultTa
skExecutionGraph.java:331)
	at org.gradle.execution.t
askgraph.DefaultTaskExecut
ionGraph$InvokeNodeExecuto
rsAction.execute(DefaultTa
skExecutionGraph.java:318)
	at org.gradle.execution.t
askgraph.DefaultTaskExecut
ionGraph$BuildOperationAwa
reExecutionAction.lambda$e
xecute$0(DefaultTaskExecut
ionGraph.java:314)
	at org.gradle.internal.op
erations.CurrentBuildOpera
tionRef.with(CurrentBuildO
perationRef.java:85)
	at org.gradle.execution.t
askgraph.DefaultTaskExecut
ionGraph$BuildOperationAwa
reExecutionAction.execute(
DefaultTaskExecutionGraph.
java:314)
	at org.gradle.execution.t
askgraph.DefaultTaskExecut
ionGraph$BuildOperationAwa
reExecutionAction.execute(
DefaultTaskExecutionGraph.
java:303)
	at org.gradle.execution.p
lan.DefaultPlanExecutor$Ex
ecutorWorker.execute(Defau
ltPlanExecutor.java:459)
	at org.gradle.execution.p
lan.DefaultPlanExecutor$Ex
ecutorWorker.run(DefaultPl
anExecutor.java:376)
	at org.gradle.internal.co
ncurrent.ExecutorPolicy$Ca
tchAndRecordFailures.onExe
cute(ExecutorPolicy.java:6
4)
	at org.gradle.internal.co
ncurrent.AbstractManagedEx
ecutor$1.run(AbstractManag
edExecutor.java:48)
Caused by: org.gradle.work
ers.internal.DefaultWorker
Executor$WorkExecutionExce
ption: A failure occurred 
while executing org.jetbra
ins.kotlin.compilerRunner.
GradleCompilerRunnerWithWo
rkers$GradleKotlinCompiler
WorkAction
	at org.gradle.workers.int
ernal.DefaultWorkerExecuto
r$WorkItemExecution.waitFo
rCompletion(DefaultWorkerE
xecutor.java:287)
	at org.gradle.internal.wo
rk.DefaultAsyncWorkTracker
.lambda$waitForItemsAndGat
herFailures$2(DefaultAsync
WorkTracker.java:130)
	at org.gradle.internal.Fa
ctories$1.create(Factories
.java:31)
	at org.gradle.internal.wo
rk.DefaultWorkerLeaseServi
ce.withoutLocks(DefaultWor
kerLeaseService.java:335)
	at org.gradle.internal.wo
rk.DefaultWorkerLeaseServi
ce.withoutLocks(DefaultWor
kerLeaseService.java:318)
	at org.gradle.internal.wo
rk.DefaultWorkerLeaseServi
ce.withoutLock(DefaultWork
erLeaseService.java:323)
	at org.gradle.internal.wo
rk.DefaultAsyncWorkTracker
.waitForItemsAndGatherFail
ures(DefaultAsyncWorkTrack
er.java:126)
	at org.gradle.internal.wo
rk.DefaultAsyncWorkTracker
.waitForItemsAndGatherFail
ures(DefaultAsyncWorkTrack
er.java:92)
	at org.gradle.internal.wo
rk.DefaultAsyncWorkTracker
.waitForAll(DefaultAsyncWo
rkTracker.java:78)
	at org.gradle.internal.wo
rk.DefaultAsyncWorkTracker
.waitForCompletion(Default
AsyncWorkTracker.java:66)
	at org.gradle.api.interna
l.tasks.execution.TaskExec
ution$3.run(TaskExecution.
java:252)
	at org.gradle.internal.op
erations.DefaultBuildOpera
tionRunner$1.execute(Defau
ltBuildOperationRunner.jav
a:30)
	at org.gradle.internal.op
erations.DefaultBuildOpera
tionRunner$1.execute(Defau
ltBuildOperationRunner.jav
a:27)
	at org.gradle.internal.op
erations.DefaultBuildOpera
tionRunner$2.execute(Defau
ltBuildOperationRunner.jav
a:67)
	at org.gradle.internal.op
erations.DefaultBuildOpera
tionRunner$2.execute(Defau
ltBuildOperationRunner.jav
a:60)
	at org.gradle.internal.op
erations.DefaultBuildOpera
tionRunner.execute(Default
BuildOperationRunner.java:
167)
	at org.gradle.internal.op
erations.DefaultBuildOpera
tionRunner.execute(Default
BuildOperationRunner.java:
60)
	at org.gradle.internal.op
erations.DefaultBuildOpera
tionRunner.run(DefaultBuil
dOperationRunner.java:48)
	at org.gradle.api.interna
l.tasks.execution.TaskExec
ution.executeAction(TaskEx
ecution.java:229)
	at org.gradle.api.interna
l.tasks.execution.TaskExec
ution.executeActions(TaskE
xecution.java:212)
	at org.gradle.api.interna
l.tasks.execution.TaskExec
ution.executeWithPreviousO
utputFiles(TaskExecution.j
ava:195)
	at org.gradle.api.interna
l.tasks.execution.TaskExec
ution.execute(TaskExecutio
n.java:162)
	at org.gradle.internal.ex
ecution.steps.ExecuteStep.
executeInternal(ExecuteSte
p.java:105)
	at org.gradle.internal.ex
ecution.steps.ExecuteStep.
access$000(ExecuteStep.jav
a:44)
	at org.gradle.internal.ex
ecution.steps.ExecuteStep$
1.call(ExecuteStep.java:59
)
	at org.gradle.internal.ex
ecution.steps.ExecuteStep$
1.call(ExecuteStep.java:56
)
	at org.gradle.internal.op
erations.DefaultBuildOpera
tionRunner$CallableBuildOp
erationWorker.execute(Defa
ultBuildOperationRunner.ja
va:210)
	at org.gradle.internal.op
erations.DefaultBuildOpera
tionRunner$CallableBuildOp
erationWorker.execute(Defa
ultBuildOperationRunner.ja
va:205)
	at org.gradle.internal.op
erations.DefaultBuildOpera
tionRunner$2.execute(Defau
ltBuildOperationRunner.jav
a:67)
	at org.gradle.internal.op
erations.DefaultBuildOpera
tionRunner$2.execute(Defau
ltBuildOperationRunner.jav
a:60)
	at org.gradle.internal.op
erations.DefaultBuildOpera
tionRunner.execute(Default
BuildOperationRunner.java:
167)
	at org.gradle.internal.op
erations.DefaultBuildOpera
tionRunner.execute(Default
BuildOperationRunner.java:
60)
	at org.gradle.internal.op
erations.DefaultBuildOpera
tionRunner.call(DefaultBui
ldOperationRunner.java:54)
	at org.gradle.internal.ex
ecution.steps.ExecuteStep.
execute(ExecuteStep.java:5
6)
	at org.gradle.internal.ex
ecution.steps.ExecuteStep.
execute(ExecuteStep.java:4
4)
	at org.gradle.internal.ex
ecution.steps.CancelExecut
ionStep.execute(CancelExec
utionStep.java:42)
	at org.gradle.internal.ex
ecution.steps.TimeoutStep.
executeWithoutTimeout(Time
outStep.java:75)
	at org.gradle.internal.ex
ecution.steps.TimeoutStep.
execute(TimeoutStep.java:5
5)
	at org.gradle.internal.ex
ecution.steps.PreCreateOut
putParentsStep.execute(Pre
CreateOutputParentsStep.ja
va:50)
	at org.gradle.internal.ex
ecution.steps.PreCreateOut
putParentsStep.execute(Pre
CreateOutputParentsStep.ja
va:28)
	at org.gradle.internal.ex
ecution.steps.RemovePrevio
usOutputsStep.execute(Remo
vePreviousOutputsStep.java
:67)
	at org.gradle.internal.ex
ecution.steps.RemovePrevio
usOutputsStep.execute(Remo
vePreviousOutputsStep.java
:37)
	at org.gradle.internal.ex
ecution.steps.BroadcastCha
ngingOutputsStep.execute(B
roadcastChangingOutputsSte
p.java:61)
	at org.gradle.internal.ex
ecution.steps.BroadcastCha
ngingOutputsStep.execute(B
roadcastChangingOutputsSte
p.java:26)
	at org.gradle.internal.ex
ecution.steps.CaptureOutpu
tsAfterExecutionStep.execu
te(CaptureOutputsAfterExec
utionStep.java:69)
	at org.gradle.internal.ex
ecution.steps.CaptureOutpu
tsAfterExecutionStep.execu
te(CaptureOutputsAfterExec
utionStep.java:46)
	at org.gradle.internal.ex
ecution.steps.ResolveInput
ChangesStep.execute(Resolv
eInputChangesStep.java:40)
	at org.gradle.internal.ex
ecution.steps.ResolveInput
ChangesStep.execute(Resolv
eInputChangesStep.java:29)
	at org.gradle.internal.ex
ecution.steps.BuildCacheSt
ep.executeWithoutCache(Bui
ldCacheStep.java:189)
	at org.gradle.internal.ex
ecution.steps.BuildCacheSt
ep.executeAndStoreInCache(
BuildCacheStep.java:145)
	at org.gradle.internal.ex
ecution.steps.BuildCacheSt
ep.lambda$executeWithCache
$4(BuildCacheStep.java:101
)
	at org.gradle.internal.ex
ecution.steps.BuildCacheSt
ep.lambda$executeWithCache
$5(BuildCacheStep.java:101
)
	at org.gradle.internal.Tr
y$Success.map(Try.java:175
)
	at org.gradle.internal.ex
ecution.steps.BuildCacheSt
ep.executeWithCache(BuildC
acheStep.java:85)
	at org.gradle.internal.ex
ecution.steps.BuildCacheSt
ep.lambda$execute$0(BuildC
acheStep.java:74)
	at org.gradle.internal.Ei
ther$Left.fold(Either.java
:115)
	at org.gradle.internal.ex
ecution.caching.CachingSta
te.fold(CachingState.java:
62)
	at org.gradle.internal.ex
ecution.steps.BuildCacheSt
ep.execute(BuildCacheStep.
java:73)
	at org.gradle.internal.ex
ecution.steps.BuildCacheSt
ep.execute(BuildCacheStep.
java:48)
	at org.gradle.internal.ex
ecution.steps.StoreExecuti
onStateStep.execute(StoreE
xecutionStateStep.java:46)
	at org.gradle.internal.ex
ecution.steps.StoreExecuti
onStateStep.execute(StoreE
xecutionStateStep.java:35)
	at org.gradle.internal.ex
ecution.steps.SkipUpToDate
Step.executeBecause(SkipUp
ToDateStep.java:75)
	at org.gradle.internal.ex
ecution.steps.SkipUpToDate
Step.lambda$execute$2(Skip
UpToDateStep.java:53)
	at org.gradle.internal.ex
ecution.steps.SkipUpToDate
Step.execute(SkipUpToDateS
tep.java:53)
	at org.gradle.internal.ex
ecution.steps.SkipUpToDate
Step.execute(SkipUpToDateS
tep.java:35)
	at org.gradle.internal.ex
ecution.steps.legacy.MarkS
napshottingInputsFinishedS
tep.execute(MarkSnapshotti
ngInputsFinishedStep.java:
37)
	at org.gradle.internal.ex
ecution.steps.legacy.MarkS
napshottingInputsFinishedS
tep.execute(MarkSnapshotti
ngInputsFinishedStep.java:
27)
	at org.gradle.internal.ex
ecution.steps.ResolveIncre
mentalCachingStateStep.exe
cuteDelegate(ResolveIncrem
entalCachingStateStep.java
:49)
	at org.gradle.internal.ex
ecution.steps.ResolveIncre
mentalCachingStateStep.exe
cuteDelegate(ResolveIncrem
entalCachingStateStep.java
:27)
	at org.gradle.internal.ex
ecution.steps.AbstractReso
lveCachingStateStep.execut
e(AbstractResolveCachingSt
ateStep.java:71)
	at org.gradle.internal.ex
ecution.steps.AbstractReso
lveCachingStateStep.execut
e(AbstractResolveCachingSt
ateStep.java:39)
	at org.gradle.internal.ex
ecution.steps.ResolveChang
esStep.execute(ResolveChan
gesStep.java:65)
	at org.gradle.internal.ex
ecution.steps.ResolveChang
esStep.execute(ResolveChan
gesStep.java:36)
	at org.gradle.internal.ex
ecution.steps.ValidateStep
.execute(ValidateStep.java
:107)
	at org.gradle.internal.ex
ecution.steps.ValidateStep
.execute(ValidateStep.java
:56)
	at org.gradle.internal.ex
ecution.steps.AbstractCapt
ureStateBeforeExecutionSte
p.execute(AbstractCaptureS
tateBeforeExecutionStep.ja
va:64)
	at org.gradle.internal.ex
ecution.steps.AbstractCapt
ureStateBeforeExecutionSte
p.execute(AbstractCaptureS
tateBeforeExecutionStep.ja
va:43)
	at org.gradle.internal.ex
ecution.steps.AbstractSkip
EmptyWorkStep.executeWithN
onEmptySources(AbstractSki
pEmptyWorkStep.java:125)
	at org.gradle.internal.ex
ecution.steps.AbstractSkip
EmptyWorkStep.execute(Abst
ractSkipEmptyWorkStep.java
:61)
	at org.gradle.internal.ex
ecution.steps.AbstractSkip
EmptyWorkStep.execute(Abst
ractSkipEmptyWorkStep.java
:36)
	at org.gradle.internal.ex
ecution.steps.legacy.MarkS
napshottingInputsStartedSt
ep.execute(MarkSnapshottin
gInputsStartedStep.java:38
)
	at org.gradle.internal.ex
ecution.steps.LoadPrevious
ExecutionStateStep.execute
(LoadPreviousExecutionStat
eStep.java:36)
	at org.gradle.internal.ex
ecution.steps.LoadPrevious
ExecutionStateStep.execute
(LoadPreviousExecutionStat
eStep.java:23)
	at org.gradle.internal.ex
ecution.steps.HandleStaleO
utputsStep.execute(HandleS
taleOutputsStep.java:75)
	at org.gradle.internal.ex
ecution.steps.HandleStaleO
utputsStep.execute(HandleS
taleOutputsStep.java:41)
	at org.gradle.internal.ex
ecution.steps.AssignMutabl
eWorkspaceStep.lambda$exec
ute$0(AssignMutableWorkspa
ceStep.java:35)
	at org.gradle.api.interna
l.tasks.execution.TaskExec
ution$4.withWorkspace(Task
Execution.java:289)
	at org.gradle.internal.ex
ecution.steps.AssignMutabl
eWorkspaceStep.execute(Ass
ignMutableWorkspaceStep.ja
va:31)
	at org.gradle.internal.ex
ecution.steps.AssignMutabl
eWorkspaceStep.execute(Ass
ignMutableWorkspaceStep.ja
va:22)
	at org.gradle.internal.ex
ecution.steps.ChoosePipeli
neStep.execute(ChoosePipel
ineStep.java:40)
	at org.gradle.internal.ex
ecution.steps.ChoosePipeli
neStep.execute(ChoosePipel
ineStep.java:23)
	at org.gradle.internal.ex
ecution.steps.ExecuteWorkB
uildOperationFiringStep.la
mbda$execute$2(ExecuteWork
BuildOperationFiringStep.j
ava:67)
	at org.gradle.internal.ex
ecution.steps.ExecuteWorkB
uildOperationFiringStep.ex
ecute(ExecuteWorkBuildOper
ationFiringStep.java:67)
	at org.gradle.internal.ex
ecution.steps.ExecuteWorkB
uildOperationFiringStep.ex
ecute(ExecuteWorkBuildOper
ationFiringStep.java:39)
	at org.gradle.internal.ex
ecution.steps.IdentityCach
eStep.execute(IdentityCach
eStep.java:46)
	at org.gradle.internal.ex
ecution.steps.IdentityCach
eStep.execute(IdentityCach
eStep.java:34)
	at org.gradle.internal.ex
ecution.steps.IdentifyStep
.execute(IdentifyStep.java
:48)
	at org.gradle.internal.ex
ecution.steps.IdentifyStep
.execute(IdentifyStep.java
:35)
	at org.gradle.internal.ex
ecution.impl.DefaultExecut
ionEngine$1.execute(Defaul
tExecutionEngine.java:64)
	at org.gradle.api.interna
l.tasks.execution.ExecuteA
ctionsTaskExecuter.execute
IfValid(ExecuteActionsTask
Executer.java:127)
	at org.gradle.api.interna
l.tasks.execution.ExecuteA
ctionsTaskExecuter.execute
(ExecuteActionsTaskExecute
r.java:116)
	at org.gradle.api.interna
l.tasks.execution.Problems
TaskPathTrackingTaskExecut
er.execute(ProblemsTaskPat
hTrackingTaskExecuter.java
:41)
	at org.gradle.api.interna
l.tasks.execution.Finalize
PropertiesTaskExecuter.exe
cute(FinalizePropertiesTas
kExecuter.java:46)
	at org.gradle.api.interna
l.tasks.execution.ResolveT
askExecutionModeExecuter.e
xecute(ResolveTaskExecutio
nModeExecuter.java:51)
	at org.gradle.api.interna
l.tasks.execution.SkipTask
WithNoActionsExecuter.exec
ute(SkipTaskWithNoActionsE
xecuter.java:57)
	at org.gradle.api.interna
l.tasks.execution.SkipOnly
IfTaskExecuter.execute(Ski
pOnlyIfTaskExecuter.java:7
4)
	at org.gradle.api.interna
l.tasks.execution.CatchExc
eptionTaskExecuter.execute
(CatchExceptionTaskExecute
r.java:36)
	at org.gradle.api.interna
l.tasks.execution.EventFir
ingTaskExecuter$1.executeT
ask(EventFiringTaskExecute
r.java:77)
	at org.gradle.api.interna
l.tasks.execution.EventFir
ingTaskExecuter$1.call(Eve
ntFiringTaskExecuter.java:
55)
	at org.gradle.api.interna
l.tasks.execution.EventFir
ingTaskExecuter$1.call(Eve
ntFiringTaskExecuter.java:
52)
	at org.gradle.internal.op
erations.DefaultBuildOpera
tionRunner$CallableBuildOp
erationWorker.execute(Defa
ultBuildOperationRunner.ja
va:210)
	at org.gradle.internal.op
erations.DefaultBuildOpera
tionRunner$CallableBuildOp
erationWorker.execute(Defa
ultBuildOperationRunner.ja
va:205)
	at org.gradle.internal.op
erations.DefaultBuildOpera
tionRunner$2.execute(Defau
ltBuildOperationRunner.jav
a:67)
	at org.gradle.internal.op
erations.DefaultBuildOpera
tionRunner$2.execute(Defau
ltBuildOperationRunner.jav
a:60)
	at org.gradle.internal.op
erations.DefaultBuildOpera
tionRunner.execute(Default
BuildOperationRunner.java:
167)
	at org.gradle.internal.op
erations.DefaultBuildOpera
tionRunner.execute(Default
BuildOperationRunner.java:
60)
	at org.gradle.internal.op
erations.DefaultBuildOpera
tionRunner.call(DefaultBui
ldOperationRunner.java:54)
	at org.gradle.api.interna
l.tasks.execution.EventFir
ingTaskExecuter.execute(Ev
entFiringTaskExecuter.java
:52)
	at org.gradle.execution.p
lan.LocalTaskNodeExecutor.
execute(LocalTaskNodeExecu
tor.java:42)
	at org.gradle.execution.t
askgraph.DefaultTaskExecut
ionGraph$InvokeNodeExecuto
rsAction.execute(DefaultTa
skExecutionGraph.java:331)
	at org.gradle.execution.t
askgraph.DefaultTaskExecut
ionGraph$InvokeNodeExecuto
rsAction.execute(DefaultTa
skExecutionGraph.java:318)
	at org.gradle.execution.t
askgraph.DefaultTaskExecut
ionGraph$BuildOperationAwa
reExecutionAction.lambda$e
xecute$0(DefaultTaskExecut
ionGraph.java:314)
	at org.gradle.internal.op
erations.CurrentBuildOpera
tionRef.with(CurrentBuildO
perationRef.java:85)
	at org.gradle.execution.t
askgraph.DefaultTaskExecut
ionGraph$BuildOperationAwa
reExecutionAction.execute(
DefaultTaskExecutionGraph.
java:314)
	at org.gradle.execution.t
askgraph.DefaultTaskExecut
ionGraph$BuildOperationAwa
reExecutionAction.execute(
DefaultTaskExecutionGraph.
java:303)
	at org.gradle.execution.p
lan.DefaultPlanExecutor$Ex
ecutorWorker.execute(Defau
ltPlanExecutor.java:459)
	at org.gradle.execution.p
lan.DefaultPlanExecutor$Ex
ecutorWorker.run(DefaultPl
anExecutor.java:376)
	at org.gradle.internal.co
ncurrent.ExecutorPolicy$Ca
tchAndRecordFailures.onExe
cute(ExecutorPolicy.java:6
4)
	at org.gradle.internal.co
ncurrent.AbstractManagedEx
ecutor$1.run(AbstractManag
edExecutor.java:48)
Caused by: org.jetbrains.k
otlin.gradle.tasks.Compila
tionErrorException: 
Compilation error. See 
log for more details
	at org.jetbrains.kotlin.g
radle.tasks.TasksUtilsKt.t
hrowExceptionIfCompilation
Failed(tasksUtils.kt:21)
	at org.jetbrains.kotlin.c
ompilerRunner.GradleKotlin
CompilerWork.run(GradleKot
linCompilerWork.kt:112)
37 actionable tasks: 2 executed, 35 up-to-date
Configuration cache entry reused.
	at org.jetbrains.kotlin.c
ompilerRunner.GradleCompil
erRunnerWithWorkers$Gradle
KotlinCompilerWorkAction.e
xecute(GradleCompilerRunne
rWithWorkers.kt:75)
	at org.gradle.workers.int
ernal.DefaultWorkerServer.
execute(DefaultWorkerServe
r.java:63)
	at org.gradle.workers.int
ernal.NoIsolationWorkerFac
tory$1$1.create(NoIsolatio
nWorkerFactory.java:66)
	at org.gradle.workers.int
ernal.NoIsolationWorkerFac
tory$1$1.create(NoIsolatio
nWorkerFactory.java:62)
	at org.gradle.internal.cl
assloader.ClassLoaderUtils
.executeInClassloader(Clas
sLoaderUtils.java:100)
	at org.gradle.workers.int
ernal.NoIsolationWorkerFac
tory$1.lambda$execute$0(No
IsolationWorkerFactory.jav
a:62)
	at org.gradle.workers.int
ernal.AbstractWorker$1.cal
l(AbstractWorker.java:44)
	at org.gradle.workers.int
ernal.AbstractWorker$1.cal
l(AbstractWorker.java:41)
	at org.gradle.internal.op
erations.DefaultBuildOpera
tionRunner$CallableBuildOp
erationWorker.execute(Defa
ultBuildOperationRunner.ja
va:210)
	at org.gradle.internal.op
erations.DefaultBuildOpera
tionRunner$CallableBuildOp
erationWorker.execute(Defa
ultBuildOperationRunner.ja
va:205)
	at org.gradle.internal.op
erations.DefaultBuildOpera
tionRunner$2.execute(Defau
ltBuildOperationRunner.jav
a:67)
	at org.gradle.internal.op
erations.DefaultBuildOpera
tionRunner$2.execute(Defau
ltBuildOperationRunner.jav
a:60)
	at org.gradle.internal.op
erations.DefaultBuildOpera
tionRunner.execute(Default
BuildOperationRunner.java:
167)
	at org.gradle.internal.op
erations.DefaultBuildOpera
tionRunner.execute(Default
BuildOperationRunner.java:
60)
	at org.gradle.internal.op
erations.DefaultBuildOpera
tionRunner.call(DefaultBui
ldOperationRunner.java:54)
	at org.gradle.workers.int
ernal.AbstractWorker.execu
teWrappedInBuildOperation(
AbstractWorker.java:41)
	at org.gradle.workers.int
ernal.NoIsolationWorkerFac
tory$1.execute(NoIsolation
WorkerFactory.java:59)
	at org.gradle.workers.int
ernal.DefaultWorkerExecuto
r.lambda$submitWork$0(Defa
ultWorkerExecutor.java:174
)
	at org.gradle.internal.wo
rk.DefaultConditionalExecu
tionQueue$ExecutionRunner.
runExecution(DefaultCondit
ionalExecutionQueue.java:1
94)
	at org.gradle.internal.wo
rk.DefaultConditionalExecu
tionQueue$ExecutionRunner.
access$700(DefaultConditio
nalExecutionQueue.java:127
)
	at org.gradle.internal.wo
rk.DefaultConditionalExecu
tionQueue$ExecutionRunner$
1.run(DefaultConditionalEx
ecutionQueue.java:169)
	at org.gradle.internal.Fa
ctories$1.create(Factories
.java:31)
	at org.gradle.internal.wo
rk.DefaultWorkerLeaseServi
ce.withLocks(DefaultWorker
LeaseService.java:263)
	at org.gradle.internal.wo
rk.DefaultWorkerLeaseServi
ce.runAsWorkerThread(Defau
ltWorkerLeaseService.java:
127)
	at org.gradle.internal.wo
rk.DefaultWorkerLeaseServi
ce.runAsWorkerThread(Defau
ltWorkerLeaseService.java:
132)
	at org.gradle.internal.wo
rk.DefaultConditionalExecu
tionQueue$ExecutionRunner.
runBatch(DefaultConditiona
lExecutionQueue.java:164)
	at org.gradle.internal.wo
rk.DefaultConditionalExecu
tionQueue$ExecutionRunner.
run(DefaultConditionalExec
utionQueue.java:133)
	... 2 more


BUILD FAILED in 1s
